<?xml version="1.0" encoding="UTF-8"?>
<!-- Generated by org.testng.reporters.JUnitReportReporter -->
<testsuite skipped="0" hostname="Hamza-PC" name="getRequest.GetData" tests="1" failures="0" timestamp="14 Dec 2018 05:47:02 GMT" time="2.818" errors="0">
  <testcase name="posttest" time="2.818" classname="getRequest.GetData"/>
</testsuite> <!-- getRequest.GetData -->
